[    0.000000] Initializing cgroup subsys cpuset
[    0.000000] Initializing cgroup subsys cpu
[    0.000000] Initializing cgroup subsys cpuacct
[    0.000000] Linux version 4.4.0-121-generic (buildd@lcy01-amd64-026) (gcc version 5.4.0 20160609 (Ubuntu 5.4.0-6ubuntu1~16.04.9) ) #145-Ubuntu SMP Fri Apr 13 13:46:32 UTC 2018 (Ubuntu 4.4.0-121.145-generic 4.4.117)
[    0.000000] KERNEL supported cpus:
[    0.000000]   Intel GenuineIntel
[    0.000000]   AMD AuthenticAMD
[    0.000000]   NSC Geode by NSC
[    0.000000]   Cyrix CyrixInstead
[    0.000000]   Centaur CentaurHauls
[    0.000000]   Transmeta GenuineTMx86
[    0.000000]   Transmeta TransmetaCPU
[    0.000000]   UMC UMC UMC UMC
[    0.000000] x86/fpu: Legacy x87 FPU detected.
[    0.000000] x86/fpu: Using 'lazy' FPU context switches.
[    0.000000] e820: BIOS-provided physical RAM map:
[    0.000000] BIOS-e820: [mem 0x0000000000000000-0x000000000009fbff] usable
[    0.000000] BIOS-e820: [mem 0x000000000009fc00-0x000000000009ffff] reserved
[    0.000000] BIOS-e820: [mem 0x00000000000f0000-0x00000000000fffff] reserved
[    0.000000] BIOS-e820: [mem 0x0000000000100000-0x000000003ffeffff] usable
[    0.000000] BIOS-e820: [mem 0x000000003fff0000-0x000000003fffffff] ACPI data
[    0.000000] BIOS-e820: [mem 0x00000000fec00000-0x00000000fec00fff] reserved
[    0.000000] BIOS-e820: [mem 0x00000000fee00000-0x00000000fee00fff] reserved
[    0.000000] BIOS-e820: [mem 0x00000000fffc0000-0x00000000ffffffff] reserved
[    0.000000] NX (Execute Disable) protection: active
[    0.000000] SMBIOS 2.5 present.
[    0.000000] Hypervisor detected: KVM
[    0.000000] e820: last_pfn = 0x3fff0 max_arch_pfn = 0x1000000
[    0.000000] MTRR: Disabled
[    0.000000] x86/PAT: MTRRs disabled, skipping PAT initialization too.
[    0.000000] CPU MTRRs all blank - virtualized system.
[    0.000000] x86/PAT: Configuration [0-7]: WB  WT  UC- UC  WB  WT  UC- UC  
[    0.000000] found SMP MP-table at [mem 0x0009fff0-0x0009ffff] mapped at [c009fff0]
[    0.000000] Scanning 1 areas for low memory corruption
[    0.000000] RAMDISK: [mem 0x36ab4000-0x37551fff]
[    0.000000] ACPI: Early table checksum verification disabled
[    0.000000] ACPI: RSDP 0x00000000000E0000 000024 (v02 VBOX  )
[    0.000000] ACPI: XSDT 0x000000003FFF0030 00003C (v01 VBOX   VBOXXSDT 00000001 ASL  00000061)
[    0.000000] ACPI: FACP 0x000000003FFF00F0 0000F4 (v04 VBOX   VBOXFACP 00000001 ASL  00000061)
[    0.000000] ACPI: DSDT 0x000000003FFF0470 0021FF (v02 VBOX   VBOXBIOS 00000002 INTL 20100528)
[    0.000000] ACPI: FACS 0x000000003FFF0200 000040
[    0.000000] ACPI: FACS 0x000000003FFF0200 000040
[    0.000000] ACPI: APIC 0x000000003FFF0240 00005C (v02 VBOX   VBOXAPIC 00000001 ASL  00000061)
[    0.000000] ACPI: SSDT 0x000000003FFF02A0 0001CC (v01 VBOX   VBOXCPUT 00000002 INTL 20100528)
[    0.000000] 131MB HIGHMEM available.
[    0.000000] 891MB LOWMEM available.
[    0.000000]   mapped low ram: 0 - 37bfe000
[    0.000000]   low ram: 0 - 37bfe000
[    0.000000] kvm-clock: Using msrs 4b564d01 and 4b564d00
[    0.000000] kvm-clock: cpu 0, msr 0:37bfd001, primary cpu clock
[    0.000000] kvm-clock: using sched offset of 3748848658 cycles
[    0.000000] clocksource: kvm-clock: mask: 0xffffffffffffffff max_cycles: 0x1cd42e4dffb, max_idle_ns: 881590591483 ns
[    0.000000] Zone ranges:
[    0.000000]   DMA      [mem 0x0000000000001000-0x0000000000ffffff]
[    0.000000]   Normal   [mem 0x0000000001000000-0x0000000037bfdfff]
[    0.000000]   HighMem  [mem 0x0000000037bfe000-0x000000003ffeffff]
[    0.000000] Movable zone start for each node
[    0.000000] Early memory node ranges
[    0.000000]   node   0: [mem 0x0000000000001000-0x000000000009efff]
[    0.000000]   node   0: [mem 0x0000000000100000-0x000000003ffeffff]
[    0.000000] Initmem setup node 0 [mem 0x0000000000001000-0x000000003ffeffff]
[    0.000000] Using APIC driver default
[    0.000000] ACPI: PM-Timer IO Port: 0x4008
[    0.000000] IOAPIC[0]: apic_id 2, version 32, address 0xfec00000, GSI 0-23
[    0.000000] ACPI: INT_SRC_OVR (bus 0 bus_irq 0 global_irq 2 dfl dfl)
[    0.000000] ACPI: INT_SRC_OVR (bus 0 bus_irq 9 global_irq 9 high level)
[    0.000000] Using ACPI (MADT) for SMP configuration information
[    0.000000] smpboot: Allowing 2 CPUs, 0 hotplug CPUs
[    0.000000] PM: Registered nosave memory: [mem 0x00000000-0x00000fff]
[    0.000000] PM: Registered nosave memory: [mem 0x0009f000-0x0009ffff]
[    0.000000] PM: Registered nosave memory: [mem 0x000a0000-0x000effff]
[    0.000000] PM: Registered nosave memory: [mem 0x000f0000-0x000fffff]
[    0.000000] e820: [mem 0x40000000-0xfebfffff] available for PCI devices
[    0.000000] Booting paravirtualized kernel on KVM
[    0.000000] clocksource: refined-jiffies: mask: 0xffffffff max_cycles: 0xffffffff, max_idle_ns: 7645519600211568 ns
[    0.000000] setup_percpu: NR_CPUS:8 nr_cpumask_bits:8 nr_cpu_ids:2 nr_node_ids:1
[    0.000000] PERCPU: Embedded 19 pages/cpu @f76b0000 s47436 r0 d30388 u77824
[    0.000000] PV qspinlock hash table entries: 512 (order: 0, 4096 bytes)
[    0.000000] Built 1 zonelists in Zone order, mobility grouping on.  Total pages: 259800
[    0.000000] Kernel command line: BOOT_IMAGE=/boot/vmlinuz-4.4.0-121-generic root=LABEL=cloudimg-rootfs ro console=tty1 console=ttyS0
[    0.000000] PID hash table entries: 4096 (order: 2, 16384 bytes)
[    0.000000] Dentry cache hash table entries: 131072 (order: 7, 524288 bytes)
[    0.000000] Inode-cache hash table entries: 65536 (order: 6, 262144 bytes)
[    0.000000] Initializing CPU#0
[    0.000000] Initializing HighMem for node 0 (00037bfe:0003fff0)
[    0.000000] Initializing Movable for node 0 (00000000:00000000)
[    0.000000] Memory: 1011980K/1048120K available (8014K kernel code, 777K rwdata, 3176K rodata, 948K init, 800K bss, 36140K reserved, 0K cma-reserved, 135112K highmem)
[    0.000000] virtual kernel memory layout:
[    0.000000]     fixmap  : 0xfff15000 - 0xfffff000   ( 936 kB)
[    0.000000]     pkmap   : 0xffc00000 - 0xffe00000   (2048 kB)
[    0.000000]     vmalloc : 0xf83fe000 - 0xffbfe000   ( 120 MB)
[    0.000000]     lowmem  : 0xc0000000 - 0xf7bfe000   ( 891 MB)
[    0.000000]       .init : 0xc1bb4000 - 0xc1ca1000   ( 948 kB)
[    0.000000]       .data : 0xc17d3ef4 - 0xc1bb2740   (3962 kB)
[    0.000000]       .text : 0xc1000000 - 0xc17d3ef4   (8015 kB)
[    0.000000] Checking if this processor honours the WP bit even in supervisor mode...Ok.
[    0.000000] SLUB: HWalign=64, Order=0-3, MinObjects=0, CPUs=2, Nodes=1
[    0.000000] Hierarchical RCU implementation.
[    0.000000] 	Build-time adjustment of leaf fanout to 32.
[    0.000000] 	RCU restricting CPUs from NR_CPUS=8 to nr_cpu_ids=2.
[    0.000000] RCU: Adjusting geometry for rcu_fanout_leaf=32, nr_cpu_ids=2
[    0.000000] NR_IRQS:2304 nr_irqs:440 16
[    0.000000] Console: colour VGA+ 80x25
[    0.000000] console [tty1] enabled
[    0.000000] console [ttyS0] enabled
[    0.000000] allocated 1048576 bytes of page_ext
[    0.000000] tsc: Detected 2709.230 MHz processor
[    0.000000] tsc: Marking TSC unstable due to TSCs unsynchronized
[    0.008000] Calibrating delay loop (skipped) preset value.. 5418.46 BogoMIPS (lpj=10836920)
[    0.012004] pid_max: default: 32768 minimum: 301
[    0.016012] ACPI: Core revision 20150930
[    0.019157] ACPI: 2 ACPI AML tables successfully acquired and loaded
[    0.024401] Security Framework initialized
[    0.028004] Yama: becoming mindful.
[    0.029019] AppArmor: AppArmor initialized
[    0.032044] Mount-cache hash table entries: 2048 (order: 1, 8192 bytes)
[    0.036014] Mountpoint-cache hash table entries: 2048 (order: 1, 8192 bytes)
[    0.040199] Initializing cgroup subsys io
[    0.042444] Initializing cgroup subsys memory
[    0.044010] Initializing cgroup subsys devices
[    0.045198] Initializing cgroup subsys freezer
[    0.048016] Initializing cgroup subsys net_cls
[    0.052017] Initializing cgroup subsys perf_event
[    0.053336] Initializing cgroup subsys net_prio
[    0.056020] Initializing cgroup subsys hugetlb
[    0.057191] Initializing cgroup subsys pids
[    0.060141] CPU: Physical Processor ID: 0
[    0.064011] CPU: Processor Core ID: 0
[    0.068020] FEATURE SPEC_CTRL Not Present
[    0.072010] FEATURE IBPB Not Present
[    0.076003] Disabling indirect branch predictor support
[    0.077339] mce: CPU supports 0 MCE banks
[    0.080030] process: using AMD E400 aware idle routine
[    0.081361] Last level iTLB entries: 4KB 512, 2MB 16, 4MB 8
[    0.084004] Last level dTLB entries: 4KB 512, 2MB 128, 4MB 64, 1GB 0
[    0.085572] Spectre V2 mitigation: LFENCE not serializing. Switching to generic retpoline
[    0.088011] Spectre V2 mitigation: Mitigation: Full generic retpoline
[    0.092010] Spectre V2 mitigation: Speculation control IBPB not-supported IBRS not-supported
[    0.096010] Spectre V2 mitigation: Filling RSB on context switch
[    0.103966] Freeing SMP alternatives memory: 28K
[    0.112187] ftrace: allocating 31472 entries in 62 pages
[    0.136088] smpboot: APIC(0) Converting physical 0 to logical package 0
[    0.140014] smpboot: Max logical packages: 1
[    0.144025] Enabling APIC mode:  Flat.  Using 1 I/O APICs
[    0.149529] ..TIMER: vector=0x30 apic1=0 pin1=2 apic2=-1 pin2=-1
[    0.156000] APIC calibration not consistent with PM-Timer: 96ms instead of 100ms
[    0.156000] APIC delta adjusted to PM-Timer: 6501692 (6281678)
[    0.156114] smpboot: CPU0: AMD Athlon(tm) II X3 425 Processor (family: 0x10, model: 0x5, stepping: 0x2)
[    0.164020] Performance Events: Broken PMU hardware detected, using software events only.
[    0.169567] Failed to access perfctr msr (MSR c0010007 is 0)
[    0.172066] KVM setup paravirtual spinlock
[    0.176186] x86: Booting SMP configuration:
[    0.180010] .... node  #0, CPUs:      #1
[    0.004000] Initializing CPU#1
[    0.008000] kvm-clock: cpu 1, msr 0:37bfd041, secondary cpu clock
[    0.008000] mce: CPU supports 0 MCE banks
[    0.195098] x86: Booted up 1 node, 2 CPUs
[    0.196012] smpboot: Total of 2 processors activated (10836.92 BogoMIPS)
[    0.200346] devtmpfs: initialized
[    0.216236] evm: security.selinux
[    0.232007] evm: security.SMACK64
[    0.233038] evm: security.SMACK64EXEC
[    0.234048] evm: security.SMACK64TRANSMUTE
[    0.248007] evm: security.SMACK64MMAP
[    0.256006] evm: security.ima
[    0.256931] evm: security.capability
[    0.258124] clocksource: jiffies: mask: 0xffffffff max_cycles: 0xffffffff, max_idle_ns: 7645041785100000 ns
[    0.276027] futex hash table entries: 512 (order: 3, 32768 bytes)
[    0.308143] pinctrl core: initialized pinctrl subsystem
[    0.336173] RTC time: 13:42:32, date: 05/01/18
[    0.356172] NET: Registered protocol family 16
[    0.372207] EISA bus registered
[    0.380024] cpuidle: using governor ladder
[    0.400025] cpuidle: using governor menu
[    0.432012] PCCT header not found.
[    0.432407] ACPI: bus type PCI registered
[    0.435052] acpiphp: ACPI Hot Plug PCI Controller Driver version: 0.5
[    0.440391] PCI : PCI BIOS area is rw and x. Use pci=nobios if you want it NX.
[    0.442516] PCI: PCI BIOS revision 2.10 entry at 0xfda26, last bus=0
[    0.472008] PCI: Using configuration type 1 for base access
[    0.552013] PCI: Using configuration type 1 for extended access
[    0.608136] ACPI: Added _OSI(Module Device)
[    0.616007] ACPI: Added _OSI(Processor Device)
[    0.624011] ACPI: Added _OSI(3.0 _SCP Extensions)
[    0.748015] ACPI: Added _OSI(Processor Aggregator Device)
[    0.780044] ACPI: Executed 1 blocks of module-level executable AML code
[    0.841030] ACPI: Interpreter enabled
[    0.872032] ACPI: (supports S0 S5)
[    0.880015] ACPI: Using IOAPIC for interrupt routing
[    0.916237] PCI: Using host bridge windows from ACPI; if necessary, use "pci=nocrs" and report a bug
[    0.933415] ACPI: PCI Root Bridge [PCI0] (domain 0000 [bus 00-ff])
[    0.956020] acpi PNP0A03:00: _OSC: OS supports [ExtendedConfig ASPM ClockPM Segments MSI]
[    1.044083] acpi PNP0A03:00: _OSC: OS now controls [PCIeHotplug PME AER PCIeCapability]
[    1.136228] PCI host bridge to bus 0000:00
[    1.144012] pci_bus 0000:00: root bus resource [io  0x0000-0x0cf7 window]
[    1.252018] pci_bus 0000:00: root bus resource [io  0x0d00-0xffff window]
[    1.260014] pci_bus 0000:00: root bus resource [mem 0x000a0000-0x000bffff window]
[    1.336014] pci_bus 0000:00: root bus resource [mem 0x40000000-0xffdfffff window]
[    1.344015] pci_bus 0000:00: root bus resource [bus 00-ff]
[    1.388157] pci 0000:00:01.1: legacy IDE quirk: reg 0x10: [io  0x01f0-0x01f7]
[    1.436012] pci 0000:00:01.1: legacy IDE quirk: reg 0x14: [io  0x03f6]
[    1.532017] pci 0000:00:01.1: legacy IDE quirk: reg 0x18: [io  0x0170-0x0177]
[    1.756016] pci 0000:00:01.1: legacy IDE quirk: reg 0x1c: [io  0x0376]
[    1.918040] pci 0000:00:07.0: quirk: [io  0x4000-0x403f] claimed by PIIX4 ACPI
[    1.964031] pci 0000:00:07.0: quirk: [io  0x4100-0x410f] claimed by PIIX4 SMB
[    2.045590] ACPI: PCI Interrupt Link [LNKA] (IRQs 5 9 10 *11)
[    2.092928] ACPI: PCI Interrupt Link [LNKB] (IRQs 5 9 10 *11)
[    2.124017] ACPI: PCI Interrupt Link [LNKC] (IRQs 5 9 *10 11)
[    2.185212] ACPI: PCI Interrupt Link [LNKD] (IRQs 5 *9 10 11)
[    2.249229] ACPI: Enabled 2 GPEs in block 00 to 07
[    2.280178] vgaarb: setting as boot device: PCI:0000:00:02.0
[    2.284000] vgaarb: device added: PCI:0000:00:02.0,decodes=io+mem,owns=io+mem,locks=none
[    2.384016] vgaarb: loaded
[    2.392011] vgaarb: bridge control possible 0000:00:02.0
[    2.508320] SCSI subsystem initialized
[    2.568089] ACPI: bus type USB registered
[    2.584049] usbcore: registered new interface driver usbfs
[    2.584049] usbcore: registered new interface driver hub
[    2.736076] usbcore: registered new device driver usb
[    2.744160] PCI: Using ACPI for IRQ routing
[    2.764379] NetLabel: Initializing
[    2.792012] NetLabel:  domain hash size = 128
[    2.828008] NetLabel:  protocols = UNLABELED CIPSOv4
[    2.868030] NetLabel:  unlabeled traffic allowed by default
[    2.884079] amd_nb: Cannot enumerate AMD northbridges
[    2.940090] clocksource: Switched to clocksource kvm-clock
[    2.958353] AppArmor: AppArmor Filesystem Enabled
[    2.980310] pnp: PnP ACPI init
[    2.983005] pnp: PnP ACPI: found 3 devices
[    3.009177] PnPBIOS: Disabled by ACPI PNP
[    3.053327] clocksource: acpi_pm: mask: 0xffffff max_cycles: 0xffffff, max_idle_ns: 2085701024 ns
[    3.382315] NET: Registered protocol family 2
[    3.428331] TCP established hash table entries: 8192 (order: 3, 32768 bytes)
[    3.476528] TCP bind hash table entries: 8192 (order: 4, 65536 bytes)
[    3.564890] TCP: Hash tables configured (established 8192 bind 8192)
[    3.654945] UDP hash table entries: 512 (order: 2, 16384 bytes)
[    3.767964] UDP-Lite hash table entries: 512 (order: 2, 16384 bytes)
[    3.801631] NET: Registered protocol family 1
[    3.802905] pci 0000:00:00.0: Limiting direct PCI/PCI transfers
[    3.894037] pci 0000:00:01.0: Activating ISA DMA hang workarounds
[    3.942453] Unpacking initramfs...
[    6.257610] Freeing initrd memory: 10872K
[    6.293439] clocksource: tsc: mask: 0xffffffffffffffff max_cycles: 0x270d4dc4ad1, max_idle_ns: 440795279943 ns
[    6.326375] platform rtc_cmos: registered platform RTC device (no PNP device found)
[    6.355848] Scanning for low memory corruption every 60 seconds
[    6.441023] audit: initializing netlink subsys (disabled)
[    6.556700] audit: type=2000 audit(1525182160.998:1): initialized
[    6.574163] Initialise system trusted keyring
[    6.650983] HugeTLB registered 2 MB page size, pre-allocated 0 pages
[    6.778175] zbud: loaded
[    6.829515] VFS: Disk quotas dquot_6.6.0
[    6.845085] VFS: Dquot-cache hash table entries: 1024 (order 0, 4096 bytes)
[    6.929756] squashfs: version 4.0 (2009/01/31) Phillip Lougher
[    7.016769] fuse init (API version 7.23)
[    7.031796] Key type big_key registered
[    7.048358] Allocating IMA MOK and blacklist keyrings.
[    7.052419] Key type asymmetric registered
[    7.072530] Asymmetric key parser 'x509' registered
[    7.080537] bounce: pool size: 64 pages
[    7.091080] Block layer SCSI generic (bsg) driver version 0.4 loaded (major 249)
[    7.104794] io scheduler noop registered
[    7.117459] io scheduler deadline registered (default)
[    7.118799] io scheduler cfq registered
[    7.129314] pci_hotplug: PCI Hot Plug PCI Core version: 0.5
[    7.130695] pciehp: PCI Express Hot Plug Controller Driver version: 0.4
[    7.165825] ACPI: AC Adapter [AC] (on-line)
[    7.197455] input: Power Button as /devices/LNXSYSTM:00/LNXPWRBN:00/input/input0
[    7.223988] ACPI: Power Button [PWRF]
[    7.252816] input: Sleep Button as /devices/LNXSYSTM:00/LNXSLPBN:00/input/input1
[    7.289233] ACPI: Sleep Button [SLPF]
[    7.316683] GHES: HEST is not enabled!
[    7.328405] isapnp: Scanning for PnP cards...
[    7.328496] Serial: 8250/16550 driver, 32 ports, IRQ sharing enabled
[    7.376524] 00:02: ttyS0 at I/O 0x3f8 (irq = 4, base_baud = 115200) is a 16550A
[    7.387387] Linux agpgart interface v0.103
[    7.397687] loop: module loaded
[    7.398433] scsi host0: ata_piix
[    7.398503] scsi host1: ata_piix
[    7.398563] ata1: PATA max UDMA/33 cmd 0x1f0 ctl 0x3f6 bmdma 0xd000 irq 14
[    7.398564] ata2: PATA max UDMA/33 cmd 0x170 ctl 0x376 bmdma 0xd008 irq 15
[    7.398652] libphy: Fixed MDIO Bus: probed
[    7.398654] tun: Universal TUN/TAP device driver, 1.6
[    7.398654] tun: (C) 1999-2004 Max Krasnyansky <maxk@qualcomm.com>
[    7.398717] PPP generic driver version 2.4.2
[    7.398778] ehci_hcd: USB 2.0 'Enhanced' Host Controller (EHCI) Driver
[    7.398782] ehci-pci: EHCI PCI platform driver
[    7.398792] ehci-platform: EHCI generic platform driver
[    7.398800] ohci_hcd: USB 1.1 'Open' Host Controller (OHCI) Driver
[    7.398803] ohci-pci: OHCI PCI platform driver
[    7.398812] ohci-platform: OHCI generic platform driver
[    7.398820] uhci_hcd: USB Universal Host Controller Interface driver
[    7.398879] i8042: PNP: PS/2 Controller [PNP0303:PS2K,PNP0f03:PS2M] at 0x60,0x64 irq 1,12
[    7.399962] serio: i8042 KBD port at 0x60,0x64 irq 1
[    7.399969] serio: i8042 AUX port at 0x60,0x64 irq 12
[    7.400164] mousedev: PS/2 mouse device common for all mice
[    7.400555] rtc_cmos rtc_cmos: rtc core: registered rtc_cmos as rtc0
[    7.400669] rtc_cmos rtc_cmos: alarms up to one day, 114 bytes nvram
[    7.400676] i2c /dev entries driver
[    7.400734] device-mapper: uevent: version 1.0.3
[    7.400796] device-mapper: ioctl: 4.34.0-ioctl (2015-10-28) initialised: dm-devel@redhat.com
[    7.400824] platform eisa.0: Probing EISA bus 0
[    7.400826] platform eisa.0: EISA: Cannot allocate resource for mainboard
[    7.400828] platform eisa.0: Cannot allocate resource for EISA slot 1
[    7.400829] platform eisa.0: Cannot allocate resource for EISA slot 2
[    7.4008 platform eisa.0: Cannot allocate resource for EISA slot 3
[    7.400832] platform eisa.0: Cannot allocate resource for EISA slot 4
[    7.400833] platform eisa.0: Cannot allocate resource for EISA slot 5
[    7.400834] platform eisa.0: Cannot allocate resource for EISA slot 6
[    7.400835] platform eisa.0: Cannot allocate resource for EISA slot 7
[    7.400837] platform eisa.0: Cannot allocate resource for EISA slot 8
[    7.400838] platform eisa.0: EISA: Detected 0 cards
[    7.400857] cpufreq-nforce2: No nForce2 chipset.
[    7.400867] ledtrig-cpu: registered to indicate activity on CPUs
[    7.401131] NET: Registered protocol family 10
[    7.401758] NET: Registered protocol family 17
[    7.401772] Key type dns_resolver registered
[    7.401954] Using IPI No-Shortcut mode
[    7.402077] registered taskstats version 1
[    7.402092] Loading compiled-in X.509 certificates
[    7.405264] Loaded X.509 cert 'Build time autogenerated kernel key: 95497959f2c7c7b32f8c33f61189203172071672'
[    7.405296] zswap: loaded using pool lzo/zbud
[    7.407088] Key type trusted registered
[    7.411118] Key type encrypted registered
[    7.411125] AppArmor: AppArmor sha1 policy hashing enabled
[    7.411128] ima: No TPM chip found, activating TPM-bypass!
[    7.411151] evm: HMAC attrs: 0x1
[    7.411522]   Magic number: 2:131:735
[    7.423257] rtc_cmos rtc_cmos: setting system clock to 2018-05-01 13:42:39 UTC (1525182159)
[    7.423458] BIOS EDD facility v0.16 2004-Jun-25, 0 devices found
[    7.423459] EDD information not available.
[    7.540568] input: AT Translated Set 2 keyboard as /devices/platform/i8042/serio0/input/input2
[    9.820253] isapnp: No Plug & Play device found
[    9.839734] Freeing unused kernel memory: 948K
[    9.858797] Write protecting the kernel text: 8016k
[    9.888104] Write protecting the kernel read-only data: 3184k
[    9.968865] NX-protecting the kernel data: 6320k
Loading, please wait...
starting version[    9.995873] random: systemd-udevd: uninitialized urandom read (16 bytes read, 3 bits of entropy available)
 229
[    9.996829] random: udevadm: uninitialized urandom read (16 bytes read, 3 bits of entropy available)
[   10.011168] random: udevadm: uninitialized urandom read (16 bytes read, 3 bits of entropy available)
[   10.011230] random: udevadm: uninitialized urandom read (16 bytes read, 3 bits of entropy available)
[   10.011407] random: udevadm: uninitialized urandom read (16 bytes read, 3 bits of entropy available)
[   10.011472] random: udevadm: uninitialized urandom read (16 bytes read, 3 bits of entropy available)
[   10.011532] random: udevadm: uninitialized urandom read (16 bytes read, 3 bits of entropy available)
[   10.011600] random: udevadm: uninitialized urandom read (16 bytes read, 3 bits of entropy available)
[   10.011666] random: udevadm: uninitialized urandom read (16 bytes read, 3 bits of entropy available)
[   10.011860] random: udevadm: uninitialized urandom read (16 bytes read, 3 bits of entropy available)
[   10.534341] e1000: Intel(R) PRO/1000 Network Driver - version 7.3.21-k8-NAPI
[   10.656736] e1000: Copyright (c) 1999-2006 Intel Corporation.
[   10.665010] Fusion MPT base driver 3.04.20
[   10.666194] Copyright (c) 1999-2008 LSI Corporation
[   10.689228] Fusion MPT SPI Host driver 3.04.20
[   10.889972] input: ImExPS/2 Generic Explorer Mouse as /devices/platform/i8042/serio1/input/input4
[   11.126078] e1000 0000:00:03.0 eth0: (PCI:33MHz:32-bit) 02:88:27:2e:08:76
[   11.136629] e1000 0000:00:03.0 eth0: Intel(R) PRO/1000 Network Connection
[   11.150682] mptbase: ioc0: Initiating bringup
[   11.151429] e1000 0000:00:03.0 enp0s3: renamed from eth0
[   11.232712] ioc0: LSI53C1030 A0: Capabilities={Initiator}
[   11.414612] scsi host2: ioc0: LSI53C1030 A0, FwRev=00000000h, Ports=1, MaxQ=256, IRQ=20
[   11.549556] scsi 2:0:0:0: Direct-Access     VBOX     HARDDISK         1.0  PQ: 0 ANSI: 5
[   11.734735] scsi target2:0:0: Beginning Domain Validation
[   11.788973] scsi target2:0:0: Domain Validation skipping write tests
[   11.838655] scsi target2:0:0: Ending Domain Validation
[   11.842384] scsi target2:0:0: asynchronous
[   11.850493] scsi 2:0:1:0: Direct-Access     VBOX     HARDDISK         1.0  PQ: 0 ANSI: 5
[   11.866077] scsi target2:0:1: Beginning Domain Validation
[   11.884346] scsi target2:0:1: Domain Validation skipping write tests
[   11.892333] scsi target2:0:1: Ending Domain Validation
[   11.914544] scsi target2:0:1: asynchronous
[   12.015101] sd 2:0:0:0: Attached scsi generic sg0 type 0
[   12.057434] sd 2:0:1:0: Attached scsi generic sg1 type 0
[   12.057637] sd 2:0:0:0: [sda] 20971520 512-byte logical blocks: (10.7 GB/10.0 GiB)
[   12.283335] sd 2:0:1:0: [sdb] 20480 512-byte logical blocks: (10.5 MB/10.0 MiB)
[   12.313993] sd 2:0:0:0: [sda] Write Protect is off
[   12.329770] sd 2:0:0:0: [sda] Incomplete mode parameter data
[   12.329804] sd 2:0:1:0: [sdb] Write Protect is off
[   12.329915] sd 2:0:1:0: [sdb] Incomplete mode parameter data
[   12.329917] sd 2:0:1:0: [sdb] Assuming drive cache: write through
[   12.338135] sd 2:0:1:0: [sdb] Attached SCSI disk
[   12.410646] sd 2:0:0:0: [sda] Assuming drive cache: write through
[   12.472652]  sda: sda1
[   12.509436] sd 2:0:0:0: [sda] Attached SCSI disk
Begin: Loading essential drivers ... [   13.990435] md: linear personality registered for level -1
[   14.013258] md: multipath personality registered for level -4
[   14.048424] md: raid0 personality registered for level 0
[   14.059593] md: raid1 personality registered for level 1
[   14.140592] raid6: mmxx1    gen()  2172 MB/s
[   14.264527] raid6: mmxx2    gen()  4219 MB/s
[   14.344625] raid6: sse1x1   gen()  1835 MB/s
[   14.420095] raid6: sse1x2   gen()  2642 MB/s
[   14.508043] raid6: sse2x1   gen()  3114 MB/s
[   14.600545] raid6: sse2x1   xor()  3451 MB/s
[   14.676043] raid6: sse2x2   gen()  4281 MB/s
[   14.752053] raid6: sse2x2   xor()  5520 MB/s
[   14.793650] raid6: using algorithm sse2x2 gen() 4281 MB/s
[   14.802034] raid6: .... xor() 5520 MB/s, rmw enabled
[   14.819389] raid6: using intx1 recovery algorithm
[   14.832281] xor: measuring software checksum speed
[   14.904132]    pIII_sse  : 10837.000 MB/sec
[   14.956068]    prefetch64-sse: 11915.000 MB/sec
[   14.998718] xor: using function: prefetch64-sse (11915.000 MB/sec)
[   15.027503] async_tx: api initialized (async)
[   15.105427] md: raid6 personality registered for level 6
[   15.123276] md: raid5 personality registered for level 5
[   15.132568] md: raid4 personality registered for level 4
[   15.162492] md: raid10 personality registered for level 10
done.
Begin: Running /scripts/init-premount ... done.
Begin: Mounting root file system ... Begin: Running /scripts/local-top ... done.
Begin: Running /scripts/local-premount ... [   15.236145] Btrfs loaded
Scanning for Btrfs filesystems
done.
Warning: fsck no[   15.289588] EXT4-fs (sda1): INFO: recovery required on readonly filesystem
t present, so sk[   15.441457] EXT4-fs (sda1): write access will be enabled during recovery
ipping root file system
[   15.523728] EXT4-fs (sda1): orphan cleanup on readonly fs
[   15.589727] EXT4-fs (sda1): 5 orphan inodes deleted
[   15.597836] EXT4-fs (sda1): recovery complete
[   15.624841] EXT4-fs (sda1): mounted filesystem with ordered data mode. Opts: (null)
done.
Begin: Running /scripts/local-bottom ... done.
Begin: Running /scripts/init-bottom ... done.
[   15.936712] systemd[1]: systemd 229 running in system mode. (+PAM +AUDIT +SELINUX +IMA +APPARMOR +SMACK +SYSVINIT +UTMP +LIBCRYPTSETUP +GCRYPT +GNUTLS +ACL +XZ -LZ4 +SECCOMP +BLKID +ELFUTILS +KMOD -IDN)
[   15.949632] systemd[1]: Detected virtualization oracle.
[   15.984315] systemd[1]: Detected architecture x86.

Welcome to [1mUbuntu 16.04.4 LTS[0m!

[   15.998917] systemd[1]: Set hostname to <ubuntu-xenial>.
[   16.258213] systemd[1]: Started Forward Password Requests to Wall Directory Watch.
[[0;32m  OK  [0m] Started Forward Password Requests to Wall Directory Watch.
[   16.275910] systemd[1]: Listening on Journal Audit Socket.
[[0;32m  OK  [0m] Listening on Journal Audit Socket.
[   16.316535] systemd[1]: Listening on Syslog Socket.
[[0;32m  OK  [0m] Listening on Syslog Socket.
[   16.332664] systemd[1]: Listening on Device-mapper event daemon FIFOs.
[[0;32m  OK  [0m] Listening on Device-mapper event daemon FIFOs.
[   16.367652] systemd[1]: Set up automount Arbitrary Executable File Formats File System Automount Point.
[[0;32m  OK  [0m] Set up automount Arbitrary Executab...ats File System Automount Point.
[   16.385350] systemd[1]: Created slice User and Session Slice.
[[0;32m  OK  [0m] Created slice User and Session Slice.
[   16.401659] systemd[1]: Listening on udev Control Socket.
[[0;32m  OK  [0m] Listening on udev Control Socket.
[   16.425010] systemd[1]: Started Trigger resolvconf update for networkd DNS.
[[0;32m  OK  [0m] Started Trigger resolvconf update for networkd DNS.
[   16.436683] systemd[1]: Listening on LVM2 poll daemon socket.
[[0;32m  OK  [0m] Listening on LVM2 poll daemon socket.
[   16.482011] systemd[1]: Listening on Journal Socket.
[[0;32m  OK  [0m] Listening on Journal Socket.
[   16.542729] systemd[1]: Listening on /dev/initctl Compatibility Named Pipe.
[[0;32m  OK  [0m] Listening on /dev/initctl Compatibility Named Pipe.
[   16.550442] systemd[1]: Reached target User and Group Name Lookups.
[[0;32m  OK  [0m] Reached target User and Group Name Lookups.
[   16.554644] systemd[1]: Listening on Journal Socket (/dev/log).
[[0;32m  OK  [0m] Listening on Journal Socket (/dev/log).
[   16.577948] systemd[1]: Listening on LVM2 metadata daemon socket.
[[0;32m  OK  [0m] Listening on LVM2 metadata daemon socket.
[   16.587459] systemd[1]: Reached target Encrypted Volumes.
[[0;32m  OK  [0m] Reached target Encrypted Volumes.
[   16.591163] systemd[1]: Created slice System Slice.
[[0;32m  OK  [0m] Created slice System Slice.
[   16.700383] systemd[1]: Starting Remount Root and Kernel File Systems...
[   16.739899] EXT4-fs (sda1): re-mounted. Opts: (null)
         Starting Remount Root and Kernel File Systems...
[   16.775413] systemd[1]: Created slice system-serial\x2dgetty.slice.
[[0;32m  OK  [0m] Created slice system-serial\x2dgetty.slice.
[   16.823532] systemd[1]: Mounting Huge Pages File System...
         Mounting Huge Pages File System...
[   16.866152] systemd[1]: Mounting Debug File System...
         Mounting Debug File System...
[   16.941508] systemd[1]: Starting Create list of required static device nodes for the current kernel...
         Starting Create list of required st... nodes for the current kernel...
[   16.986991] random: nonblocking pool is initialized
[   17.001022] systemd[1]: Starting Load Kernel Modules...
         Starting Load Kernel Modules...
[   17.035194] Loading iSCSI transport class v2.0-870.
[   17.035961] systemd[1]: Starting Nameserver information manager...
         Starting Nameserver information manager...
[   17.122203] systemd[1]: Starting Uncomplicated firewall...
         [   17.165588] iscsi: registered transport (tcp)
Starting Uncomplicated firewall...
[   17.216863] systemd[1]: Reached target Slices.
[[0;32m  OK  [0m] Reached target Slices.
[   17.228320] systemd[1]: Reached target Swap.
[[0;32m  OK  [0m] Reached target Swap.
[   17.316394] systemd[1]: Starting Journal Service...
[   17.324748] iscsi: registered transport (iser)
         Starting Journal Service...
[   17.346018] systemd[1]: Starting Monitoring of LVM2 mirrors, snapshots etc. using dmeventd or progress polling...
         Starting Monitoring of LVM2 mirrors... dmeventd or progress polling...
[   17.383276] systemd[1]: Reached target System Time Synchronized.
[[0;32m  OK  [0m] Reached target System Time Synchronized.
[   17.596616] systemd[1]: Mounting POSIX Message Queue File System...
         Mounting POSIX Message Queue File System...
[   17.620910] systemd[1]: Listening on udev Kernel Socket.
[[0;32m  OK  [0m] Listening on udev Kernel Socket.
[   17.672913] systemd[1]: Starting Set console keymap...
         Starting Set console keymap...
[   17.717734] systemd[1]: Mounted Huge Pages File System.
[[0;32m  OK  [0m] Mounted Huge Pages File System.
[   17.818089] systemd[1]: Mounted POSIX Message Queue File System.
[[0;32m  OK  [0m] Mounted POSIX Message Queue File System.
[   17.836934] systemd[1]: Mounted Debug File System.
[[0;32m  OK  [0m] Mounted Debug File System.
[   17.931246] systemd[1]: Started Journal Service.
[[0;32m  OK  [0m] Started Journal Service.
[[0;32m  OK  [0m] Started Remount Root and Kernel File Systems.
[[0;32m  OK  [0m] Started Create list of required sta...ce nodes for the current kernel.
[[0;32m  OK  [0m] Started Load Kernel Modules.
[[0;32m  OK  [0m] Started Uncomplicated firewall.
[[0;32m  OK  [0m] Started Set console keymap.
[[0;32m  OK  [0m] Started Nameserver information manager.
[[0;32m  OK  [0m] Started LVM2 metadata daemon.
         Mounting FUSE Control File System...
         Starting Apply Kernel Variables...
         Starting Create Static Device Nodes in /dev...
         Starting Initial cloud-init job (pre-networking)...
         Starting Load/Save Random Seed...
         Starting udev Coldplug all Devices...
         Starting Flush Journal to Persistent Storage...
[[0;32m  OK  [0m] Mounted FUSE Control File System.
[[0;32m  OK  [0m] Started Apply Kernel Variables.
[[0;32m  OK  [0m] Started Create Static Device Nodes in /dev.
[[0;32m  OK  [0m] Started Load/Save Random Seed.
[[0;32m  OK  [0m] Started Monitoring of LVM2 mirrors,...ng dmeventd or progress polling.
[[0;32m  OK  [0m] Started udev Coldplug all Devices.
[[0;32m  OK  [0m] Started Flush Journal to Persistent Storage.
         Starting udev Kernel Device Manager...
[[0;32m  OK  [0m] Started udev Kernel Device Manager.
[[0;32m  OK  [0m] Started Dispatch Password Requests to Console Directory Watch.
[[0;32m  OK  [0m] Reached target Local File Systems (Pre).
[[0;32m  OK  [0m] Reached target Local File Systems.
         Starting Set console font and keymap...
         Starting LSB: AppArmor initialization...
         Starting Create Volatile Files and Directories...
         Starting Tell Plymouth To Write Out Runtime Data...
[[0;32m  OK  [0m] Started Create Volatile Files and Directories.
[[0;32m  OK  [0m] Started Tell Plymouth To Write Out Runtime Data.
[[0;32m  OK  [0m] Found device /dev/ttyS0.
[[0;32m  OK  [0m] Listening on Load/Save RF Kill Switch Status /dev/rfkill Watch.
         Starting Update UTMP about System Boot/Shutdown...
[[0;32m  OK  [0m] Started LSB: AppArmor initialization.
[[0;32m  OK  [0m] Found device 82540EM Gigabit Ethern...r (PRO/1000 MT Desktop Adapter).
[[0;32m  OK  [0m] Started Update UTMP about System Boot/Shutdown.
[[0;32m  OK  [0m] Started Set console font and keymap.
[   21.279743] cloud-init[427]: Cloud-init v. 18.2 running 'init-local' at Tue, 01 May 2018 13:42:52 +0000. Up 20.74 seconds.
[[0;32m  OK  [0m] Started Initial cloud-init job (pre-networking).
[[0;32m  OK  [0m] Reached target Network (Pre).
         Starting Raise network interfaces...
[[0;32m  OK  [0m] Started ifup for enp0s3.
[[0;32m  OK  [0m] Created slice system-getty.slice.
[[0;32m  OK  [0m] Started Raise network interfaces.
         Starting Initial cloud-init job (metadata service crawler)...
[[0;32m  OK  [0m] Reached target Network.
[   22.923311] cloud-init[932]: Cloud-init v. 18.2 running 'init' at Tue, 01 May 2018 13:42:54 +0000. Up 22.34 seconds.
[   22.968798] cloud-init[932]: ci-info: +++++++++++++++++++++++++++++++++++++Net device info+++++++++++++++++++++++++++++++++++++
[   22.989506] cloud-init[932]: ci-info: +--------+------+---------------------------+---------------+-------+-------------------+
[   22.998499] cloud-init[932]: ci-info: | Device |  Up  |          Address          |      Mask     | Scope |     Hw-Address    |
[   23.033238] [cloud-init[0;32m  OK  [0m[932]: ] ci-info: +--------+------+---------------------------+---------------+-------+-------------------+Started Initial cloud-init job (metadata service crawler).

[   23.034070] cloud-init[932]: ci-info: | enp0s3 | True |         10.0.2.15         | 255.255.255.0 |   .   | 02:88:27:2e:08:76 |
[   23.128795] cloud-init[932]: ci-info: | enp0s3 | True | fe80::88:27ff:fe2e:876/64 |       .       |  link | 02:88:27:2e:08:76 |
[   23.129258] cloud-init[932]: ci-info: |   lo   | True |         127.0.0.1         |   255.0.0.0   |   .   |         .         |
[[0;32m  OK  [0m] Reached target System Initialization.
[[   23.129504] cloud-init[932]: ci-info: |   lo   | True |          ::1/128          |       .       |  host |         .         |
[   23.214708] cloud-init[932]: ci-info: +--------+------+---------------------------+---------------+-------+-------------------+
[0;32m  OK  [0m] Started Daily Cleanup of Temporary Directories.
[[   23.214983] cloud-init[932]: ci-info: +++++++++++++++++++++++++++Route IPv4 info++++++++++++++++++++++++++++
[   23.255661] cloud-init[932]: ci-info: +-------+-------------+----------+---------------+-----------+-------+
[0;32m  OK  [0m] Listening on D-Bus System Message Bus Socket.
[[   23.256056] cloud-init[932]: ci-info: | Route | Destination | Gateway  |    Genmask    | Interface | Flags |
[   23.322131] cloud-init[932]: ci-info: +-------+-------------+----------+---------------+-----------+-------+
[0;32m  OK  [0m] Listening on UUID daemon activation socket.
[   23.322811] cloud-init[932]: ci-info: |   0   |   0.0.0.0   | 10.0.2.2 |    0.0.0.0    |   enp0s3  |   UG  |
[   23.422831] cloud-init[932]: ci-info: |   1   |   10.0.2.0  | 0.0.0.0  | 255.255.255.0 |   enp0s3  |   U   |
[[0;32m  OK  [0m] Started Daily apt download activities.
[   23.423279] cloud-init[932]: ci-info: +-------+-------------+----------+---------------+-----------+-------+
         Starting Socket activation for snappy daemon.
[[0;32m  OK  [0m] Listening on ACPID Listen Socket.
         Starting LXD - unix socket.
[[0;32m  OK  [0m] Started ACPI Events Check.
[[0;32m  OK  [0m] Reached target Paths.
[[0;32m  OK  [0m] Started Daily apt upgrade and clean activities.
[[0;32m  OK  [0m] Reached target Timers.
[[0;32m  OK  [0m] Reached target Network is Online.
         Starting iSCSI initiator daemon (iscsid)...
[[0;32m  OK  [0m] Reached target Cloud-config availability.
[[0;32m  OK  [0m] Listening on Socket activation for snappy daemon.
[[0;32m  OK  [0m] Listening on LXD - unix socket.
[[0;32m  OK  [0m] Started iSCSI initiator daemon (iscsid).
         Starting Login to default iSCSI targets...
[[0;32m  OK  [0m] Reached target Sockets.
[[0;32m  OK  [0m] Reached target Basic System.
[[0;32m  OK  [0m] Started FUSE filesystem for LXC.
[[0;32m  OK  [0m] Started Regular background program processing daemon.
         Starting Snappy daemon...
[[0;32m  OK  [0m] Started D-Bus System Message Bus.
         Starting LSB: MD monitoring daemon...
         Starting LSB: Record successful boot for GRUB...
         Starting LXD - container startup/shutdown...
         Starting /etc/rc.local Compatibility...
         Starting Accounts Service...
         Starting System Logging Service...
         Starting OpenBSD Secure Shell server...
         Starting MySQL Community Server...
[[0;32m  OK  [0m] Started Deferred execution scheduler.
         Starting Apply the settings specified in cloud-config...
         Starting Login Service...
[[0;32m  OK  [0m] Started Unattended Upgrades Shutdown.
[[0;32m  OK  [0m] Started ACPI event daemon.
         Starting Virtualbox guest utils...
[[0;32m  OK  [0m] Started Snappy daemon.
[[0;32m  OK  [0m] Started System Logging Service.
[[0;32m  OK  [0m] Started OpenBSD Secure Shell server.
[[0;32m  OK  [0m] Started LXD - container startup/shutdown.
[[0;32m  OK  [0m] Started /etc/rc.local Compatibility.
[[0;32m  OK  [0m] Started Login to default iSCSI targets.
[[0;32m  OK  [0m] Started LSB: MD monitoring daemon.
[[0;32m  OK  [0m] Started LSB: Record successful boot for GRUB.
         Starting Authenticate and Authorize Users to Run Privileged Tasks...
[[0;32m  OK  [0m] Reached target Remote File Systems (Pre).
[[0;32m  OK  [0m] Reached target Remote File Systems.
         Starting LSB: daemon to balance interrupts for SMP systems...
         Starting Permit User Sessions...
         Starting LSB: automatic crash report generation...
         Starting LSB: Set the CPU Frequency Scaling governor to "ondemand"...
[[0;32m  OK  [0m] Started Virtualbox guest utils.
[[0;32m  OK  [0m] Started Permit User Sessions.
[[0;32m  OK  [0m] Started Login Service.
[[0;32m  OK  [0m] Started Authenticate and Authorize Users to Run Privileged Tasks.
[[0;32m  OK  [0m] Started Accounts Service.
[[0;32m  OK  [0m] Started LSB: daemon to balance interrupts for SMP systems.
[[0;32m  OK  [0m] Created slice User Slice of vagrant.
[[0;32m  OK  [0m] Started Session 1 of user vagrant.
         Starting User Manager for UID 1000...
         Starting Hold until boot process finishes up...
[   25.340823] cloud-init[1055]: Cloud-init v. 18.2 running 'modules:config' at Tue, 01 May 2018 13:42:57 +0000. Up 25.00 seconds.
         Starting Terminate Plymouth Boot Screen...
[[0;32m  OK  [0m] Started User Manager for UID 1000.
[[0;32m  OK  [0m] Started Apply the settings specified in cloud-config.
[[0;32m  OK  [0m] Started LSB: automatic crash report generation.
[[0;32m  OK  [0m] Started Hold until boot process finishes up.
[[0;32m  OK  [0m] Started Terminate Plymouth Boot Screen.
[[0;32m  OK  [0m] Started LSB: Set the CPU Frequency Scaling governor to "ondemand".
         Starting Set console scheme...
[[0;32m  OK  [0m] Started Getty on tty1.
[[0;32m  OK  [0m] Started Serial Getty on ttyS0.
[[0;32m  OK  [0m] Reached target Login Prompts.
[[0;32m  OK  [0m] Started Set console scheme.
[[0;32m  OK  [0m] Started MySQL Community Server.
[[0;32m  OK  [0m] Reached target Multi-User System.
[[0;32m  OK  [0m] Reached target Graphical Interface.
         Starting Update UTMP about System Runlevel Changes...
         Starting Execute cloud user/final scripts...
[[0;32m  OK  [0m] Started Update UTMP about System Runlevel Changes.
[   27.397282] cloud-init[1369]: Cloud-init v. 18.2 running 'modules:final' at Tue, 01 May 2018 13:42:59 +0000. Up 27.10 seconds.
[   27.401972] cloud-init[1369]: Cloud-init v. 18.2 finished at Tue, 01 May 2018 13:42:59 +0000. Datasource DataSourceNoCloud [seed=/dev/sdb][dsmode=net].  Up 27.38 seconds
[[0;32m  OK  [0m] Started Execute cloud user/final scripts.
[[0;32m  OK  [0m] Reached target Cloud-init target.
         Starting Daily apt download activities...

Ubuntu 16.04.4 LTS ubuntu-xenial ttyS0

ubuntu-xenial login: 